C51 COMPILER V9.56.0.0   CMS8S003X_UART                                                    06/06/2018 09:25:46 PAGE 1   


C51 COMPILER V9.56.0.0, COMPILATION OF MODULE CMS8S003X_UART
OBJECT MODULE PLACED IN .\Objects\cms8s003x_uart.obj
COMPILER INVOKED BY: C:\Keil_v5\C51\BIN\C51.EXE ..\..\Libraries\CMS8S003x_StdPeriph_Driver\src\cms8s003x_uart.c OMF2 OPT
                    -IMIZE(8,SPEED) BROWSE INCDIR(..\..\Libraries\CMS8S003x_StdPeriph_Driver\inc) DEBUG PRINT(.\Listings\cms8s003x_uart.lst) 
                    -TABS(2) OBJECT(.\Objects\cms8s003x_uart.obj)

line level    source

   1          /**
   2            ********************************************************************************
   3            * @file    cms8s003x_uart.c
   4            * @author  LI WEI
   5            * @version V1.0.3
   6            * @date    04/24/2018
   7            * @brief   This file provides all the UART firmware functions.
   8            ******************************************************************************
   9            * @copy
  10            *
  11            * THE PRESENT FIRMWARE WHICH IS FOR GUIDANCE ONLY AIMS AT PROVIDING CUSTOMERS
  12            * WITH CODING INFORMATION REGARDING THEIR PRODUCTS IN ORDER FOR THEM TO SAVE
  13            * TIME. AS A RESULT, CMSemicon SHALL NOT BE HELD LIABLE FOR ANY
  14            * DIRECT, INDIRECT OR CONSEQUENTIAL DAMAGES WITH RESPECT TO ANY CLAIMS ARISING
  15            * FROM THE CONTENT OF SUCH FIRMWARE AND/OR THE USE MADE BY CUSTOMERS OF THE
  16            * CODING INFORMATION CONTAINED HEREIN IN CONNECTION WITH THEIR PRODUCTS.
  17            *
  18            * <h2><center>&copy; COPYRIGHT 2018 CMSemicon</center></h2>
  19            */
  20          
  21          /* Includes ------------------------------------------------------------------*/
  22          #include <stdio.h>
  23          #include "cms8s003x_uart.h"
  24          
  25          /** @addtogroup CMS8S003x_StdPeriph_Driver
  26            * @{
  27            */
  28          
  29          /* Private typedef -----------------------------------------------------------*/
  30          /* Private define ------------------------------------------------------------*/
  31          //#define PUTCHAR_PROTOTYPE int fputc(int ch, FILE *f)
  32          
  33          /* Private macro -------------------------------------------------------------*/
  34          /* Private variables ---------------------------------------------------------*/
  35          extern uint32_t SystemClock;
  36          
  37          /* Private function prototypes -----------------------------------------------*/
  38          /* Private functions ---------------------------------------------------------*/
  39          /* Public functions ----------------------------------------------------------*/
  40          
  41          /** @}
  42            * @addtogroup UART_Public_Functions
  43            * @{
  44            */
  45          
  46          /**
  47            * @brief   Deinitializes the USART peripheral.
  48            * @param  UARTx : where x can be 1, 2 or 3 to select the specified USART peripheral.
  49            * @retval None
  50            */
  51          void USART_DeInit(UART_TypeDef UARTx)
  52          {
  53   1      
C51 COMPILER V9.56.0.0   CMS8S003X_UART                                                    06/06/2018 09:25:46 PAGE 2   

  54   1      }
*** WARNING C280 IN LINE 51 OF ..\..\Libraries\CMS8S003x_StdPeriph_Driver\src\cms8s003x_uart.c: 'UARTx': unreferenced lo
             -cal variable
  55          
  56          /**
  57            * @brief  Initializes the USART according to the specified parameters.
  58            * @note   Configure in Push Pull or Open Drain mode the Tx pin by setting the
  59            *         correct I/O Port register according the product package and line
  60            *         configuration
  61            * @param  USARTx : where x can be 1 to select the specified USART peripheral.
  62            * @param  BaudRate : The baudrate.
  63            * @param  USART_WordLength : This parameter can be any of the
  64            *         @ref USART_WordLength_TypeDef enumeration.
  65            * @param  USART_StopBits : This parameter can be any of the
  66            *         @ref USART_StopBits_TypeDef enumeration.
  67            * @param  USART_Parity : This parameter can be any of the
  68            *         @ref USART_Parity_TypeDef enumeration.
  69            * @param  USART_Mode : This parameter can be any of the @ref USART_Mode_TypeDef values
  70            * @retval None
  71            */
  72          void UART_Init(UART_TypeDef UARTx, UART_Init_TypeDef* UART_InitDef)
  73          {
  74   1        uint32_t BaudRate_Mantissa = 0;
  75   1      
  76   1        /* Check the parameters */
  77   1      
  78   1        if(UARTx == UART0)
  79   1        {
  80   2          SCON0 &= 0;
  81   2          SCON0 |= ((uint8_t)(UART_InitDef->Mode) | ((uint8_t)(UART_InitDef->MutiDevices) << 5) | ((uint8_t)(UART_
             -InitDef->IsReceive) << 4) | ((uint8_t)(UART_InitDef->SendData9Bit) << 3) | ((uint8_t)(UART_InitDef->ReceiveData9Bit) << 
             -2));
  82   2          
  83   2          PCON &= ~0x80;
  84   2          PCON |= ((uint8_t)(UART_InitDef->UartBaudrateDouble) << 7);
  85   2          
  86   2          if((Mode_8Bit_Unsettled_Freq == UART_InitDef->Mode) || (Mode_9Bit_Unsettled_Freq == UART_InitDef->Mode))
  87   2          {
  88   3            if(Timer1_Select == UART_InitDef->UartClkSource)
  89   3            {
  90   4              /* Set Timer1 as uart0`s clock source */
  91   4              FUNCCR &= 0xfe; 
  92   4              //setup timer1
  93   4              /* Timer1 TMOD Clear and Set */
  94   4              TMOD &= 0x0f;
  95   4              TMOD |= 0x20; //GATE1 disable, Timer select, Mode2: 8bit auto reload
  96   4              CKCON |= 0x10; //Timer1 clock source: sys/4 (systerm clock is 8MHz/16MHz, if not CLKDIV)  
  97   4              //TL1 = 256 - SystemClock * (UART_InitDef->UartBaudrateDouble + 1) / 32 / 4 / UART_InitDef->UartBaurdr
             -ate;
  98   4              //TH1 = 256 - SystemClock * (UART_InitDef->UartBaudrateDouble + 1) / 32 / 4 / UART_InitDef->UartBaurdr
             -ate;
  99   4              TL1 = 256 - SystemClock * (UART_InitDef->UartBaudrateDouble + 1) / 32 / 4 / UART_InitDef->UartBaurdrat
             -e;
 100   4              TH1 = 256 - SystemClock * (UART_InitDef->UartBaudrateDouble + 1) / 32 / 4 / UART_InitDef->UartBaurdrat
             -e;
 101   4              IE |= 0x88; //Enable Timer1 interrupt
 102   4              TCON |= 0x40; //Timer1 start
 103   4            }
 104   3            else if(Timer4_Select == UART_InitDef->UartClkSource)
 105   3            {
 106   4              /* Set Timer4 as uart0`s clock source */
 107   4              FUNCCR |= 0x01;
C51 COMPILER V9.56.0.0   CMS8S003X_UART                                                    06/06/2018 09:25:46 PAGE 3   

 108   4              //setup timer4
 109   4              /* Timer4 T34MOD Clear and Set */
 110   4              T34MOD &= 0x0f;
 111   4              T34MOD |= 0x60; //Timer4 clock select:sys/4, Mode2: 8bit auto reload
 112   4              TL4 = 256 - SystemClock * (UART_InitDef->UartBaudrateDouble + 1) / 32 / 4 / UART_InitDef->UartBaurdrat
             -e;
 113   4              TH4 = 256 - SystemClock * (UART_InitDef->UartBaudrateDouble + 1) / 32 / 4 / UART_InitDef->UartBaurdrat
             -e;
 114   4              T34MOD |= 0x80; //Timer4 start
 115   4            }
 116   3          }
 117   2        }
 118   1        else if(UARTx == UART1)
 119   1        {
 120   2          SCON1 &= 0;
 121   2          SCON1 |= ((uint8_t)(UART_InitDef->Mode) | ((uint8_t)(UART_InitDef->MutiDevices) << 5) | ((uint8_t)(UART_
             -InitDef->IsReceive) << 4) | ((uint8_t)(UART_InitDef->SendData9Bit) << 3) | ((uint8_t)(UART_InitDef->ReceiveData9Bit) << 
             -2));
 122   2          
 123   2          PCON &= ~0x40;
 124   2          PCON |= ((uint8_t)(UART_InitDef->UartBaudrateDouble) << 6);
 125   2          
 126   2          if((Mode_8Bit_Unsettled_Freq == UART_InitDef->Mode) || (Mode_9Bit_Unsettled_Freq == UART_InitDef->Mode))
 127   2          {
 128   3            if(Timer1_Select == UART_InitDef->UartClkSource)
 129   3            {
 130   4              FUNCCR &= 0xfd; 
 131   4              //setup timer1
 132   4              /* Set Timer1 as uart0`s clock source */
 133   4              FUNCCR &= 0xfe; 
 134   4              //setup timer1
 135   4              /* Timer1 TMOD Clear and Set */
 136   4              TMOD &= 0x0f;
 137   4              TMOD |= 0x20; //GATE1 disable, Timer select, Mode2: 8bit auto reload
 138   4              CKCON |= 0x10; //Timer1 clock source: sys/4 (systerm clock is 8MHz/16MHz, if not CLKDIV)  
 139   4              TL1 = 256 - SystemClock * (UART_InitDef->UartBaudrateDouble + 1) / 32 / 4 / UART_InitDef->UartBaurdrat
             -e;
 140   4              TH1 = 256 - SystemClock * (UART_InitDef->UartBaudrateDouble + 1) / 32 / 4 / UART_InitDef->UartBaurdrat
             -e;
 141   4              TCON |= 0x40; //Timer1 start
 142   4            }
 143   3            else if(Timer4_Select == UART_InitDef->UartClkSource)
 144   3            {
 145   4              FUNCCR |= 0x02;
 146   4              //setup timer4
 147   4              /* Set Timer4 as uart0`s clock source */
 148   4              FUNCCR |= 0x01;
 149   4              //setup timer4
 150   4              /* Timer4 T34MOD Clear and Set */
 151   4              T34MOD &= 0x0f;
 152   4              T34MOD |= 0x60; //Timer4 clock select:sys/4, Mode2: 8bit auto reload
 153   4              TL4 = 256 - SystemClock * (UART_InitDef->UartBaudrateDouble + 1) / 32 / 4 / UART_InitDef->UartBaurdrat
             -e;
 154   4              TH4 = 256 - SystemClock * (UART_InitDef->UartBaudrateDouble + 1) / 32 / 4 / UART_InitDef->UartBaurdrat
             -e;
 155   4              T34MOD |= 0x80; //Timer4 start
 156   4            }
 157   3          }
 158   2        }
 159   1      
 160   1      }
 161          
C51 COMPILER V9.56.0.0   CMS8S003X_UART                                                    06/06/2018 09:25:46 PAGE 4   

 162          /**
 163            * @brief  Initializes the USART Clock according to the specified parameters.
 164            * @param  USARTx : where x can be 1 to select the specified USART peripheral.
 165            * @param  USART_Clock : This parameter can be any of the @ref USART_Clock_TypeDef
 166            *         enumeration.
 167            * @param  USART_CPOL : This parameter can be any of the @ref USART_CPOL_TypeDef
 168            *         enumeration.
 169            * @param  USART_CPHA : This parameter can be any of the @ref USART_CPHA_TypeDef
 170            *         enumeration.
 171            * @param  USART_LastBit : This parameter can be any of the @ref USART_LastBit_TypeDef
 172            *         enumeration.
 173            * @retval None
 174            */
 175          
 176          void USART_ClockInit()
 177          {
 178   1      
 179   1      }
 180          
 181          /**
 182            * @brief  Enable the USART peripheral.
 183            * @param  USARTx : where x can be 1 to select the specified USART peripheral.
 184            * @param  NewState : The new state of the USART Communication.
 185            *         This parameter can be any of the @ref FunctionalState enumeration.
 186            * @retval None
 187            */
 188          void UART_Cmd(UART_TypeDef UARTx, FunctionalState NewState)
 189          {
 190   1      
 191   1      }
*** WARNING C280 IN LINE 188 OF ..\..\Libraries\CMS8S003x_StdPeriph_Driver\src\cms8s003x_uart.c: 'UARTx': unreferenced l
             -ocal variable
*** WARNING C280 IN LINE 188 OF ..\..\Libraries\CMS8S003x_StdPeriph_Driver\src\cms8s003x_uart.c: 'NewState': unreference
             -d local variable
 192          
 193          
 194          /**
 195            * @brief  Enables or disables the specified USART interrupts.
 196            * @param  USARTx : where x can be 1 to select the specified USART peripheral.
 197            * @param  USART_IT specifies the USART interrupt sources to be enabled or disabled.
 198            *         This parameter can be one of the following values:
 199            *         - USART_IT_TXE:  Tansmit Data Register empty interrupt
 200            *         - USART_IT_TC:   Transmission complete interrupt
 201            *         - USART_IT_RXNE: Receive Data register not empty interrupt
 202            *         - USART_IT_OR: Overrun error interrupt
 203            *         - USART_IT_IDLE: Idle line detection interrupt
 204            *         - USART_IT_ERR:  Error interrupt
 205            * @param  NewState new state of the specified USART interrupts.
 206            *         This parameter can be: ENABLE or DISABLE.
 207            * @retval None
 208            */
 209          
 210          void UART_ITConfig(UART_TypeDef UARTx, UART_Priority_TypeDef UART_Priority, FunctionalState NewState)
 211          {
 212   1        if(UART0 == UARTx)
 213   1        {
 214   2          if (NewState != _DISABLE)
 215   2          {
 216   3            /*Clear and Set uart0 IT priority */
 217   3            IP &= ~0x10;
 218   3            IP |= (UART_Priority << 4);
 219   3            
C51 COMPILER V9.56.0.0   CMS8S003X_UART                                                    06/06/2018 09:25:46 PAGE 5   

 220   3            IE |= UART0_INTERRUPT_ENABLE_BIT; /* Enable the UART0 IT */
 221   3          }
 222   2          else
 223   2          {
 224   3            IE &= (uint8_t)(~UART0_INTERRUPT_ENABLE_BIT); /* Disable the UART0 IT */
 225   3          }
 226   2        }
 227   1        else if(UART1 == UARTx)
 228   1        {
 229   2          if (NewState != _DISABLE)
 230   2          {
 231   3            /*Clear and Set uart1 IT priority */
 232   3            IP &= ~0x40;
 233   3            IP |= (UART_Priority << 6);
 234   3            
 235   3            IE |= UART1_INTERRUPT_ENABLE_BIT; /* Enable the UART1 IT */
 236   3          }
 237   2          else
 238   2          {
 239   3            IE &= (uint8_t)(~UART1_INTERRUPT_ENABLE_BIT); /* Disable the UART1 IT */
 240   3          }
 241   2        }
 242   1      }
 243          
 244          /**
 245            * @brief  Returns the most recent received data by the USART peripheral.
 246            * @param  USARTx : where x can be 1 to select the specified USART peripheral.
 247            * @retval The received data.
 248            */
 249          uint8_t UART_ReceiveData8(UART_TypeDef UARTx)
 250          {
 251   1        /*uint8_t returnData = 0;
 252   1        if(UART0 == UARTx)
 253   1        {
 254   1            returnData = SBUF0;
 255   1        }
 256   1        else if(UART1 == UARTx)
 257   1        {
 258   1            returnData = SBUF1;
 259   1        }
 260   1        
 261   1        return returnData;*/
 262   1        return ((UARTx == UART0)?(uint8_t)SBUF0:(uint8_t)SBUF1);
 263   1      }
 264          
 265          
 266          /**
 267            * @brief  Returns the most recent received data by the USART peripheral.
 268            * @param  USARTx : where x can be 1 to select the specified USART peripheral.
 269            * @retval The received data.
 270            */
 271          uint16_t UART_ReceiveData9(UART_TypeDef UARTx)
 272          {
 273   1        /*if(UART0 == UARTx)
 274   1        {
 275   1        
 276   1        }
 277   1        else if(UART1 == UARTx)
 278   1        {
 279   1        
 280   1        }*/
 281   1        return ((UARTx == UART0)?(uint8_t)SBUF0:(uint8_t)SBUF1);
C51 COMPILER V9.56.0.0   CMS8S003X_UART                                                    06/06/2018 09:25:46 PAGE 6   

 282   1      }
 283          
 284          /**
 285            * @brief  Transmits 8 bit data through the USART peripheral.
 286            * @param  Data: The data to transmit.
 287            * @retval None
 288            */
 289          void UART_SendData8(UART_TypeDef UARTx, uint8_t Data)
 290          {
 291   1        if(UART0 == UARTx)
 292   1        {
 293   2            while(1 == ((SCON0 & 0x02)>>1));
 294   2            SBUF0 = Data;
 295   2            while(0 == ((SCON0 & 0x02)>>1));
 296   2            SCON0 &= (~0x02);
 297   2        }
 298   1        else if(UART1 == UARTx)
 299   1        {
 300   2            while(1 == ((SCON1 & 0x02)>>1));
 301   2            SBUF1 = Data;
 302   2            while(0 == ((SCON1 & 0x02)>>1));
 303   2            SCON1 &= (~0x02);
 304   2        }
 305   1      }
 306          
 307          /**
 308            * @brief  Transmits 9 bit data through the USART peripheral.
 309            * @param  USARTx: Select the USARTx peripheral.
 310            * @param  Data : The data to transmit.
 311            *         This parameter should be lower than 0x1FF.
 312            * @retval None
 313            */
 314          void UART_SendData9(UART_TypeDef UARTx, uint16_t Data)
 315          {
 316   1        if(UART0 == UARTx)
 317   1        {
 318   2            SBUF0 = Data;
 319   2        }
 320   1        else if(UART1 == UARTx)
 321   1        {
 322   2            SBUF1 = Data;
 323   2        }
 324   1      }
 325          
 326          #if 0
              /**
                * @brief  Transmits break characters.
                * @param  USARTx : where x can be 1 to select the specified USART peripheral.
                * @retval None
                */
              void USART_SendBreak(USART_TypeDef* USARTx)
              {
              
              }
              
              /**
                * @brief  Sets the system clock prescaler.
                * @note   IrDA Low Power mode or smartcard mode should be enabled
                * @note   This function is related to SmartCard and IrDa mode.
                * @param  USARTx: Select the USARTx peripheral.
                * @param  USART_Prescaler: specifies the prescaler clock.
                *         This parameter can be one of the following values:
C51 COMPILER V9.56.0.0   CMS8S003X_UART                                                    06/06/2018 09:25:46 PAGE 7   

                *         @par IrDA Low Power Mode
                *         The clock source is diveded by the value given in the register (8 bits)
                *         - 0000 0000 Reserved
                *         - 0000 0001 divides the clock source by 1
                *         - 0000 0010 divides the clock source by 2
                *         - ...........................................................
                *        @par Smart Card Mode
                *        The clock source is diveded by the value given in the register
                *        (5 significant bits) multipied by 2
                *         - 0 0000 Reserved
                *         - 0 0001 divides the clock source by 2
                *         - 0 0010 divides the clock source by 4
                *         - 0 0011 divides the clock source by 6
                *         - ...........................................................
                * @retval None
                */
              void USART_SetPrescaler(USART_TypeDef* USARTx, uint8_t USART_Prescaler)
              {
              
              }
              
              /**
                * @brief  Sets the address of the USART node.
                * @param  USARTx: Select the USARTx peripheral.
                * @param  Address : Indicates the address of the USART node.
                *         This parameter should be lower than 16
                * @retval None
                */
              void USART_SetAddress(USART_TypeDef* USARTx, uint8_t USART_Address)
              {
              
              }
              
              /**
                * @brief  Checks whether the specified USART flag is set or not.
                * @param  USARTx: Select the USARTx peripheral.
                * @param  USART_FLAG specifies the flag to check.
                *         This parameter can be any of the @ref USART_FLAG_TypeDef enumeration.
                * @retval FlagStatus (SET or RESET)
                */
              FlagStatus USART_GetFlagStatus(USART_TypeDef* USARTx, USART_FLAG_TypeDef USART_FLAG)
              {
                FlagStatus status = RESET;
              
                
                /* Return the USART_FLAG status*/
                return status;
              }
              
              /**
                * @brief  Clears the USARTx's pending flags.
                * @param  USARTx : where x can be 1 to select the specified USART peripheral.
                * @param  USART_FLAG: specifies the flag to clear.
                *         This parameter can be any combination of the following values:
                *         USART_FLAG_TC:   Transmission Complete flag.
                *         USART_FLAG_RXNE: Receive data register not empty flag.
                *
                * @Note
                *     - PE (Parity error), FE (Framing error), NE (Noise error), OR (OverRun error)
                *       and IDLE (Idle line detected) flags are cleared by software sequence: a read
                *       operation to USART_SR register (USART_GetFlagStatus())followed by a read
                *       operation to USART_DR register(USART_ReceiveData8() or USART_ReceiveData9()).
C51 COMPILER V9.56.0.0   CMS8S003X_UART                                                    06/06/2018 09:25:46 PAGE 8   

                *
                *     - RXNE flag can be also cleared by a read to the USART_DR register
                *       (USART_ReceiveData8()or USART_ReceiveData9()).
                *
                *     - TC flag can be also cleared by software sequence: a read operation to USART_SR
                *       register (USART_GetFlagStatus()) followed by a write operation to USART_DR
                *       register (USART_SendData8() or USART_SendData9()).
                *
                *     - TXE flag is cleared only by a write to the USART_DR register
                *       (USART_SendData8() or USART_SendData9()).
                *
                *     - SBK flag is cleared during the stop bit of break.
                *
                * @retval None
                */
              void USART_ClearFlag(USART_TypeDef* USARTx, USART_FLAG_TypeDef USART_FLAG)
              {
                
              }
              #endif
 426          
 427          /**
 428            * @brief  Checks whether the specified USART interrupt has occurred or not.
 429            * @param  USARTx : where x can be 1 to select the specified USART peripheral.
 430            * @param  USART_IT: Specifies the USART interrupt pending bit to check.
 431            *         This parameter can be one of the following values:
 432            *         - USART_IT_TXE: Transmit Data Register empty interrupt
 433            *         - USART_IT_TC: Transmission complete interrupt
 434            *         - USART_IT_RXNE: Receive Data register not empty interrupt
 435            *         - USART_IT_IDLE: Idle line detection interrupt
 436            *         - USART_IT_OR: OverRun Error interrupt
 437            *         - USART_IT_PE: Parity Error interrupt
 438            *         - USART_IT_FE: Frame Error interrupt
 439            *         - USART_IT_NF: Noise Flag Error interrupt
 440            * @retval ITStatus The new state of USART_IT (SET or RESET).
 441            */
 442          ITStatus UART_GetITStatus(UART_TypeDef UARTx, UART_IT_Status_TypeDef UART_IT)
 443          {
 444   1        ITStatus bitstatus = _RESET;
 445   1        uint8_t UART_itStatus = 0x0;
 446   1        
 447   1        if(UART0 == UARTx)
 448   1        {
 449   2          UART_itStatus = SCON0 & UART_IT;
 450   2        }
 451   1        else if(UART1 == UARTx)
 452   1        {
 453   2          UART_itStatus = SCON1 & UART_IT;
 454   2        }
 455   1        
 456   1        if (UART_itStatus != (uint8_t)_RESET )
 457   1        {
 458   2          bitstatus = _SET;
 459   2        }
 460   1        else
 461   1        {
 462   2          bitstatus = _RESET;
 463   2        }
 464   1      
 465   1        /* Return the USART_IT status*/
 466   1        return  bitstatus;
 467   1      }
C51 COMPILER V9.56.0.0   CMS8S003X_UART                                                    06/06/2018 09:25:46 PAGE 9   

 468          
 469          /**
 470            * @brief  Clears the USARTx’s interrupt pending bits.
 471            * @param  USARTx : where x can be 1 to select the specified USART peripheral.
 472            * @param  USART_IT: specifies the interrupt pending bit to clear.
 473            *         This parameter can be one of the following values:
 474            *         USART_IT_RXNE: Receive Data register not empty interrupt.
 475            *         USART_IT_TC:   Transmission complete interrupt.
 476            *
 477            * @note
 478            *         - PE (Parity error), FE (Framing error), NE (Noise error),
 479            *         OR (OverRun error) and IDLE (Idle line detected) pending bits are
 480            *         cleared by software sequence: a read operation to USART_SR register
 481            *         (USART_GetITStatus()) followed by a read operation to USART_DR
 482            *         register (USART_ReceiveData8() or USART_ReceiveData9()).
 483            *
 484            *         - RXNE pending bit can be also cleared by a read to the USART_DR register
 485            *         (USART_ReceiveData8() or USART_ReceiveData9()).
 486            *
 487            *         - TC (Transmit complet) pending bit can be also cleared by software
 488            *         sequence: a read operation to USART_SR register (USART_GetITStatus())
 489            *         followed by a write operation to USART_DR register (USART_SendData8()
 490            *         or USART_SendData9()).
 491            *
 492            *         - TXE pending bit is cleared only by a write to the USART_DR register
 493            *         (USART_SendData8() or USART_SendData9()).
 494            *
 495            * @retval None
 496            */
 497          void UART_ClearITPendingBit(UART_TypeDef UARTx, UART_IT_Status_TypeDef UART_IT)
 498          {
 499   1        if(UART0 == UARTx)
 500   1        {
 501   2          SCON0 = (~UART_IT);
 502   2        }
 503   1        else if(UART1 == UARTx)
 504   1        {
 505   2          SCON1 = (~UART_IT);
 506   2        }
 507   1      }
 508          
 509          /**
 510            * @brief  Retargets the C library printf function to the USART.
 511            * @param  None
 512            * @retval None
 513            */
 514          #if 0
              //PUTCHAR_PROTOTYPE
              //int fputc(int ch, FILE *f)
              int fputc(int ch, const char *f)
              {
                /* Place your implementation of fputc here */
                /* e.g. write a character to the UART0 */
                UART_SendData8(UART0, (uint8_t) ch);
                
                /* Loop until the end of transmission */
                //while (USART_GetFlagStatus(UART0, USART_FLAG_TC) == RESET)
                //{}
              
                return ch;
              }
              #endif
C51 COMPILER V9.56.0.0   CMS8S003X_UART                                                    06/06/2018 09:25:46 PAGE 10  

 530          
 531          /**
 532            * @}
 533            */
 534          
 535          /**
 536            * @}
 537            */
 538          
 539          /******************* (C) COPYRIGHT 2018 CMSemion *****END OF FILE****/


MODULE INFORMATION:   STATIC OVERLAYABLE
   CODE SIZE        =    736    ----
   CONSTANT SIZE    =   ----    ----
   XDATA SIZE       =   ----    ----
   PDATA SIZE       =   ----    ----
   DATA SIZE        =   ----      11
   IDATA SIZE       =   ----    ----
   BIT SIZE         =   ----    ----
   EDATA SIZE       =   ----    ----
   HDATA SIZE       =   ----    ----
   XDATA CONST SIZE =   ----    ----
   FAR CONST SIZE   =   ----    ----
END OF MODULE INFORMATION.


C51 COMPILATION COMPLETE.  3 WARNING(S),  0 ERROR(S)
